#
# There is insufficient memory for the Java Runtime Environment to continue.
# Native memory allocation (mmap) failed to map 268435456 bytes for G1 virtual space
# Possible reasons:
#   The system is out of physical RAM or swap space
#   The process is running with CompressedOops enabled, and the Java Heap may be blocking the growth of the native heap
# Possible solutions:
#   Reduce memory load on the system
#   Increase physical memory or swap space
#   Check if swap backing store is full
#   Decrease Java heap size (-Xmx/-Xms)
#   Decrease number of Java threads
#   Decrease Java thread stack sizes (-Xss)
#   Set larger code cache with -XX:ReservedCodeCacheSize=
#   JVM is running with Zero Based Compressed Oops mode in which the Java heap is
#     placed in the first 32GB address space. The Java Heap base address is the
#     maximum limit for the native heap growth. Please use -XX:HeapBaseMinAddress
#     to set the Java Heap base and to place the Java Heap above 32GB virtual address.
# This output file may be truncated or incomplete.
#
#  Out of Memory Error (os_windows.cpp:3469), pid=15308, tid=2752
#
# JRE version:  (17.0.1+12) (build )
# Java VM: Java HotSpot(TM) 64-Bit Server VM (17.0.1+12-LTS-39, mixed mode, sharing, tiered, compressed oops, compressed class ptrs, g1 gc, windows-amd64)
# No core dump will be written. Minidumps are not enabled by default on client versions of Windows
#

---------------  S U M M A R Y ------------

Command Line: -Dorg.gradle.appname=gradlew org.gradle.wrapper.GradleWrapperMain -q -Ptarget-platform=android-arm64 -Ptarget=C:\Users\Fedi\Desktop\drivers\pfe_FinalApp\test\flutterProjects-last-version\lib\main.dart -Pbase-application-name=android.app.Application -Pdart-defines=RkxVVFRFUl9XRUJfQVVUT19ERVRFQ1Q9dHJ1ZQ== -Pdart-obfuscation=false -Ptrack-widget-creation=true -Ptree-shake-icons=false -Pfilesystem-scheme=org-dartlang-root assembleDebug

Host: Intel(R) Core(TM) i7-8550U CPU @ 1.80GHz, 8 cores, 15G,  Windows 10 , 64 bit Build 22000 (10.0.22000.675)
Time: Sun Jun  5 18:36:11 2022 Romance Daylight Time elapsed time: 0.098893 seconds (0d 0h 0m 0s)

---------------  T H R E A D  ---------------

Current thread (0x0000020c6651c3f0):  JavaThread "Unknown thread" [_thread_in_vm, id=2752, stack(0x000000d03f900000,0x000000d03fa00000)]

Stack: [0x000000d03f900000,0x000000d03fa00000]
Native frames: (J=compiled Java code, j=interpreted, Vv=VM code, C=native code)
V  [jvm.dll+0x66fa1a]
V  [jvm.dll+0x7ce5a4]
V  [jvm.dll+0x7cfd4e]
V  [jvm.dll+0x7d03b3]
V  [jvm.dll+0x242b05]
V  [jvm.dll+0x66ca39]
V  [jvm.dll+0x661502]
V  [jvm.dll+0x30081b]
V  [jvm.dll+0x307da6]
V  [jvm.dll+0x357a1e]
V  [jvm.dll+0x357c4f]
V  [jvm.dll+0x2d7ad8]
V  [jvm.dll+0x2d8a44]
V  [jvm.dll+0x7a01e1]
V  [jvm.dll+0x365791]
V  [jvm.dll+0x77f6cc]
V  [jvm.dll+0x3e812f]
V  [jvm.dll+0x3e9bd1]
C  [jli.dll+0x527b]
C  [ucrtbase.dll+0x26c0c]
C  [KERNEL32.DLL+0x154e0]
C  [ntdll.dll+0x485b]


---------------  P R O C E S S  ---------------

Threads class SMR info:
_java_thread_list=0x00007ffd32a07818, length=0, elements={
}

Java Threads: ( => current thread )

Other Threads:
  0x0000020c687146f0 GCTaskThread "GC Thread#0" [stack: 0x000000d03fa00000,0x000000d03fb00000] [id=28304]
  0x0000020c68725470 ConcurrentGCThread "G1 Main Marker" [stack: 0x000000d03fb00000,0x000000d03fc00000] [id=23860]
  0x0000020c68725e80 ConcurrentGCThread "G1 Conc#0" [stack: 0x000000d03fc00000,0x000000d03fd00000] [id=1400]

[error occurred during error reporting (printing all threads), id 0xc0000005, EXCEPTION_ACCESS_VIOLATION (0xc0000005) at pc=0x00007ffd322584b7]

VM state: not at safepoint (not fully initialized)

VM Mutex/Monitor currently owned by a thread:  ([mutex/lock_event])
[0x0000020c686c3c10] Heap_lock - owner thread: 0x0000020c6651c3f0

Heap address: 0x0000000701c00000, size: 4068 MB, Compressed Oops mode: Zero based, Oop shift amount: 3

CDS archive(s) mapped at: [0x0000000000000000-0x0000000000000000-0x0000000000000000), size 0, SharedBaseAddress: 0x0000000800000000, ArchiveRelocationMode: 0.
Narrow klass base: 0x0000000000000000, Narrow klass shift: 0, Narrow klass range: 0x0

GC Precious Log:
<Empty>

Heap:
 garbage-first heap   total 0K, used 0K [0x0000000701c00000, 0x0000000800000000)
  region size 2048K, 0 young (0K), 0 survivors (0K)

[error occurred during error reporting (printing heap information), id 0xc0000005, EXCEPTION_ACCESS_VIOLATION (0xc0000005) at pc=0x00007ffd32638d89]

GC Heap History (0 events):
No events

Deoptimization events (0 events):
No events

Classes unloaded (0 events):
No events

Classes redefined (0 events):
No events

Internal exceptions (0 events):
No events

VM Operations (0 events):
No events

Events (1 events):
Event: 0.059 Loaded shared library C:\Program Files\Java\jdk-17.0.1\bin\java.dll


Dynamic libraries:
0x00007ff7d43d0000 - 0x00007ff7d43e0000 	C:\Program Files\Java\jdk-17.0.1\bin\java.exe
0x00007ffd73b20000 - 0x00007ffd73d29000 	C:\WINDOWS\SYSTEM32\ntdll.dll
0x00007ffd72c00000 - 0x00007ffd72cbd000 	C:\WINDOWS\System32\KERNEL32.DLL
0x00007ffd710b0000 - 0x00007ffd71429000 	C:\WINDOWS\System32\KERNELBASE.dll
0x00007ffd718a0000 - 0x00007ffd719b1000 	C:\WINDOWS\System32\ucrtbase.dll
0x00007ffd5c920000 - 0x00007ffd5c938000 	C:\Program Files\Java\jdk-17.0.1\bin\jli.dll
0x00007ffd72680000 - 0x00007ffd7272e000 	C:\WINDOWS\System32\ADVAPI32.dll
0x00007ffd72d90000 - 0x00007ffd72e33000 	C:\WINDOWS\System32\msvcrt.dll
0x00007ffd730d0000 - 0x00007ffd7316e000 	C:\WINDOWS\System32\sechost.dll
0x00007ffd57380000 - 0x00007ffd5739a000 	C:\Program Files\Java\jdk-17.0.1\bin\VCRUNTIME140.dll
0x00007ffd73170000 - 0x00007ffd73290000 	C:\WINDOWS\System32\RPCRT4.dll
0x00007ffd72820000 - 0x00007ffd729cc000 	C:\WINDOWS\System32\USER32.dll
0x00007ffd5dcc0000 - 0x00007ffd5df65000 	C:\WINDOWS\WinSxS\amd64_microsoft.windows.common-controls_6595b64144ccf1df_6.0.22000.120_none_9d947278b86cc467\COMCTL32.dll
0x00007ffd71560000 - 0x00007ffd71586000 	C:\WINDOWS\System32\win32u.dll
0x00007ffd72b70000 - 0x00007ffd72b99000 	C:\WINDOWS\System32\GDI32.dll
0x00007ffd71590000 - 0x00007ffd716a2000 	C:\WINDOWS\System32\gdi32full.dll
0x00007ffd71010000 - 0x00007ffd710ad000 	C:\WINDOWS\System32\msvcp_win.dll
0x00007ffd69630000 - 0x00007ffd6963a000 	C:\WINDOWS\SYSTEM32\VERSION.dll
0x00007ffd72bc0000 - 0x00007ffd72bf1000 	C:\WINDOWS\System32\IMM32.DLL
0x00007ffd5d550000 - 0x00007ffd5d55c000 	C:\Program Files\Java\jdk-17.0.1\bin\vcruntime140_1.dll
0x00007ffd3e460000 - 0x00007ffd3e4ed000 	C:\Program Files\Java\jdk-17.0.1\bin\msvcp140.dll
0x00007ffd31f70000 - 0x00007ffd32b2e000 	C:\Program Files\Java\jdk-17.0.1\bin\server\jvm.dll
0x00007ffd71a30000 - 0x00007ffd71a38000 	C:\WINDOWS\System32\PSAPI.DLL
0x00007ffd6d580000 - 0x00007ffd6d589000 	C:\WINDOWS\SYSTEM32\WSOCK32.dll
0x00007ffd719c0000 - 0x00007ffd71a2f000 	C:\WINDOWS\System32\WS2_32.dll
0x00007ffd6bd10000 - 0x00007ffd6bd43000 	C:\WINDOWS\SYSTEM32\WINMM.dll
0x00007ffd70200000 - 0x00007ffd70218000 	C:\WINDOWS\SYSTEM32\kernel.appcore.dll
0x00007ffd5c8f0000 - 0x00007ffd5c8fa000 	C:\Program Files\Java\jdk-17.0.1\bin\jimage.dll
0x00007ffd6eaa0000 - 0x00007ffd6ecc1000 	C:\WINDOWS\SYSTEM32\DBGHELP.DLL
0x00007ffd5f080000 - 0x00007ffd5f0b1000 	C:\WINDOWS\SYSTEM32\dbgcore.DLL
0x00007ffd71820000 - 0x00007ffd7189f000 	C:\WINDOWS\System32\bcryptPrimitives.dll
0x00007ffd52450000 - 0x00007ffd52475000 	C:\Program Files\Java\jdk-17.0.1\bin\java.dll

dbghelp: loaded successfully - version: 4.0.5 - missing functions: none
symbol engine: initialized successfully - sym options: 0x614 - pdb path: .;C:\Program Files\Java\jdk-17.0.1\bin;C:\WINDOWS\SYSTEM32;C:\WINDOWS\WinSxS\amd64_microsoft.windows.common-controls_6595b64144ccf1df_6.0.22000.120_none_9d947278b86cc467;C:\Program Files\Java\jdk-17.0.1\bin\server

VM Arguments:
jvm_args: -Dorg.gradle.appname=gradlew 
java_command: org.gradle.wrapper.GradleWrapperMain -q -Ptarget-platform=android-arm64 -Ptarget=C:\Users\Fedi\Desktop\drivers\pfe_FinalApp\test\flutterProjects-last-version\lib\main.dart -Pbase-application-name=android.app.Application -Pdart-defines=RkxVVFRFUl9XRUJfQVVUT19ERVRFQ1Q9dHJ1ZQ== -Pdart-obfuscation=false -Ptrack-widget-creation=true -Ptree-shake-icons=false -Pfilesystem-scheme=org-dartlang-root assembleDebug
java_class_path (initial): C:\Users\Fedi\Desktop\drivers\pfe_FinalApp\test\flutterProjects-last-version\android\\gradle\wrapper\gradle-wrapper.jar
Launcher Type: SUN_STANDARD

[Global flags]
     intx CICompilerCount                          = 4                                         {product} {ergonomic}
     uint ConcGCThreads                            = 2                                         {product} {ergonomic}
     uint G1ConcRefinementThreads                  = 8                                         {product} {ergonomic}
   size_t G1HeapRegionSize                         = 2097152                                   {product} {ergonomic}
    uintx GCDrainStackTargetSize                   = 64                                        {product} {ergonomic}
   size_t InitialHeapSize                          = 268435456                                 {product} {ergonomic}
   size_t MarkStackSize                            = 4194304                                   {product} {ergonomic}
   size_t MaxHeapSize                              = 4265607168                                {product} {ergonomic}
   size_t MinHeapDeltaBytes                        = 2097152                                   {product} {ergonomic}
   size_t MinHeapSize                              = 8388608                                   {product} {ergonomic}
    uintx NonNMethodCodeHeapSize                   = 5839372                                {pd product} {ergonomic}
    uintx NonProfiledCodeHeapSize                  = 122909434                              {pd product} {ergonomic}
    uintx ProfiledCodeHeapSize                     = 122909434                              {pd product} {ergonomic}
    uintx ReservedCodeCacheSize                    = 251658240                              {pd product} {ergonomic}
     bool SegmentedCodeCache                       = true                                      {product} {ergonomic}
   size_t SoftMaxHeapSize                          = 4265607168                             {manageable} {ergonomic}
     bool UseCompressedClassPointers               = true                           {product lp64_product} {ergonomic}
     bool UseCompressedOops                        = true                           {product lp64_product} {ergonomic}
     bool UseG1GC                                  = true                                      {product} {ergonomic}
     bool UseLargePagesIndividualAllocation        = false                                  {pd product} {ergonomic}

Logging:
Log output configuration:
 #0: stdout all=warning uptime,level,tags
 #1: stderr all=off uptime,level,tags

Environment Variables:
JAVA_HOME=C:\Program Files\Java\jdk-17.0.1
CLASSPATH=C:\Users\Fedi\Desktop\drivers\pfe_FinalApp\test\flutterProjects-last-version\android\\gradle\wrapper\gradle-wrapper.jar
PATH=C:\Python310\Scripts\;C:\Python310\;C:\Program Files\Common Files\Oracle\Java\javapath;C:\Program Files (x86)\Common Files\Oracle\Java\javapath;C:\Windows\system32;C:\Windows;C:\Windows\System32\Wbem;C:\Windows\System32\WindowsPowerShell\v1.0\;C:\Windows\System32\OpenSSH\;C:\Program Files (x86)\NVIDIA Corporation\PhysX\Common;C:\Program Files\NVIDIA Corporation\NVIDIA NvDLISR;C:\WINDOWS\system32;C:\WINDOWS;C:\WINDOWS\System32\Wbem;C:\WINDOWS\System32\WindowsPowerShell\v1.0\;C:\WINDOWS\System32\OpenSSH\;C:\ProgramData\chocolatey\bin;D:\MatLab\runtime\win64;D:\MatLab\bin;E:\MatLab\runtime\win64;E:\MatLab\bin;E:\MatLab\polyspace\bin;D:\MatLab\polyspace\bin;C:\Program Files\Git\cmd;C:\Program Files\Git\bin;C:\Program Files\PuTTY\;C:\Program Files\Java\jdk-17.0.1\bin;C:\Program Files\MongoDB\Server\5.0\bin;C:\Program Files\nodejs\;C:\Users\Fedi\AppData\Local\Microsoft\WindowsApps;C:\flutter\bin;C:\Program Files\Java\jdk-17.0.1\bin;C:\Users\Fedi\AppData\Roaming\npm;C:\Users\Fedi\AppData\Local\GitHubDesktop\bin;C:\Users\Fedi\AppData\Local\Programs\Microsoft VS Code\bin;C:\flutter\bin\mingit\cmd
USERNAME=Fedi
OS=Windows_NT
PROCESSOR_IDENTIFIER=Intel64 Family 6 Model 142 Stepping 10, GenuineIntel



---------------  S Y S T E M  ---------------

OS:
 Windows 10 , 64 bit Build 22000 (10.0.22000.675)
OS uptime: 1 days 7:46 hours

CPU: total 8 (initial active 8) (4 cores per cpu, 2 threads per core) family 6 model 142 stepping 10 microcode 0xe0, cx8, cmov, fxsr, ht, mmx, 3dnowpref, sse, sse2, sse3, ssse3, sse4.1, sse4.2, popcnt, lzcnt, tsc, tscinvbit, avx, avx2, aes, erms, clmul, bmi1, bmi2, adx, fma, vzeroupper, clflush, clflushopt

Memory: 4k page, system-wide physical 16266M (1261M free)
TotalPageFile size 46561M (AvailPageFile size 196M)
current process WorkingSet (physical memory assigned to process): 10M, peak: 10M
current process commit charge ("private bytes"): 60M, peak: 316M

vm_info: Java HotSpot(TM) 64-Bit Server VM (17.0.1+12-LTS-39) for windows-amd64 JRE (17.0.1+12-LTS-39), built on Sep 27 2021 18:41:35 by "mach5one" with MS VC++ 16.8 (VS2019)

END.
